2023-12-24 20:53:43,062 INFO org.springframework.boot.StartupInfoLogger [main] Starting DrugDisposeSystemApplication using Java 17.0.6 on EPINBANW00B3 with PID 8460 (C:\Users\Abhishek_Singh6\OneDrive - EPAM\Desktop\ABHI\Practice\Drug_Dispose_System\target\classes started by Abhishek_Singh6 in C:\Users\Abhishek_Singh6\OneDrive - EPAM\Desktop\ABHI\Practice\Drug_Dispose_System)
2023-12-24 20:53:43,070 INFO org.springframework.boot.SpringApplication [main] No active profile set, falling back to 1 default profile: "default"
2023-12-24 20:53:44,563 INFO org.springframework.data.repository.config.RepositoryConfigurationDelegate [main] Bootstrapping Spring Data JPA repositories in DEFAULT mode.
2023-12-24 20:53:44,682 INFO org.springframework.data.repository.config.RepositoryConfigurationDelegate [main] Finished Spring Data repository scanning in 86 ms. Found 1 JPA repository interfaces.
2023-12-24 20:53:45,776 INFO org.springframework.boot.web.embedded.tomcat.TomcatWebServer [main] Tomcat initialized with port(s): 9015 (http)
2023-12-24 20:53:45,797 INFO org.apache.juli.logging.DirectJDKLog [main] Initializing ProtocolHandler ["http-nio-9015"]
2023-12-24 20:53:45,797 INFO org.apache.juli.logging.DirectJDKLog [main] Starting service [Tomcat]
2023-12-24 20:53:45,798 INFO org.apache.juli.logging.DirectJDKLog [main] Starting Servlet engine: [Apache Tomcat/9.0.75]
2023-12-24 20:53:45,983 INFO org.apache.juli.logging.DirectJDKLog [main] Initializing Spring embedded WebApplicationContext
2023-12-24 20:53:45,983 INFO org.springframework.boot.web.servlet.context.ServletWebServerApplicationContext [main] Root WebApplicationContext: initialization completed in 2837 ms
2023-12-24 20:53:46,602 INFO org.hibernate.jpa.internal.util.LogHelper [main] HHH000204: Processing PersistenceUnitInfo [name: default]
2023-12-24 20:53:46,723 INFO org.hibernate.Version [main] HHH000412: Hibernate ORM core version 5.6.15.Final
2023-12-24 20:53:47,079 INFO org.hibernate.annotations.common.reflection.java.JavaReflectionManager [main] HCANN000001: Hibernate Commons Annotations {5.1.2.Final}
2023-12-24 20:53:47,335 INFO com.zaxxer.hikari.HikariDataSource [main] HikariPool-1 - Starting...
2023-12-24 20:53:48,000 INFO com.zaxxer.hikari.HikariDataSource [main] HikariPool-1 - Start completed.
2023-12-24 20:53:48,036 INFO org.hibernate.dialect.Dialect [main] HHH000400: Using dialect: org.hibernate.dialect.MySQL5Dialect
2023-12-24 20:53:49,795 INFO org.hibernate.engine.transaction.jta.platform.internal.JtaPlatformInitiator [main] HHH000490: Using JtaPlatform implementation: [org.hibernate.engine.transaction.jta.platform.internal.NoJtaPlatform]
2023-12-24 20:53:49,812 INFO org.springframework.orm.jpa.AbstractEntityManagerFactoryBean [main] Initialized JPA EntityManagerFactory for persistence unit 'default'
2023-12-24 20:53:50,288 WARN org.springframework.context.support.AbstractApplicationContext [main] Exception encountered during context initialization - cancelling refresh attempt: org.springframework.beans.factory.UnsatisfiedDependencyException: Error creating bean with name 'userController': Unsatisfied dependency expressed through field 'userService'; nested exception is org.springframework.beans.factory.UnsatisfiedDependencyException: Error creating bean with name 'userService': Unsatisfied dependency expressed through field 'userEntity'; nested exception is org.springframework.beans.factory.NoSuchBeanDefinitionException: No qualifying bean of type 'com.drug.dispose.entity.UserEntity' available: expected at least 1 bean which qualifies as autowire candidate. Dependency annotations: {@org.springframework.beans.factory.annotation.Autowired(required=true)}
2023-12-24 20:53:50,290 INFO org.springframework.orm.jpa.AbstractEntityManagerFactoryBean [main] Closing JPA EntityManagerFactory for persistence unit 'default'
2023-12-24 20:53:50,295 INFO com.zaxxer.hikari.HikariDataSource [main] HikariPool-1 - Shutdown initiated...
2023-12-24 20:53:50,310 INFO com.zaxxer.hikari.HikariDataSource [main] HikariPool-1 - Shutdown completed.
2023-12-24 20:53:50,314 INFO org.apache.juli.logging.DirectJDKLog [main] Stopping service [Tomcat]
2023-12-24 20:53:50,336 INFO org.springframework.boot.autoconfigure.logging.ConditionEvaluationReportLoggingListener [main] 

Error starting ApplicationContext. To display the conditions report re-run your application with 'debug' enabled.
2023-12-24 20:53:50,381 ERROR org.springframework.boot.diagnostics.LoggingFailureAnalysisReporter [main] 

***************************
APPLICATION FAILED TO START
***************************

Description:

Field userEntity in com.drug.dispose.service.UserService required a bean of type 'com.drug.dispose.entity.UserEntity' that could not be found.

The injection point has the following annotations:
	- @org.springframework.beans.factory.annotation.Autowired(required=true)


Action:

Consider defining a bean of type 'com.drug.dispose.entity.UserEntity' in your configuration.

2023-12-24 20:54:55,684 INFO org.springframework.boot.StartupInfoLogger [main] Starting DrugDisposeSystemApplication using Java 17.0.6 on EPINBANW00B3 with PID 14656 (C:\Users\Abhishek_Singh6\OneDrive - EPAM\Desktop\ABHI\Practice\Drug_Dispose_System\target\classes started by Abhishek_Singh6 in C:\Users\Abhishek_Singh6\OneDrive - EPAM\Desktop\ABHI\Practice\Drug_Dispose_System)
2023-12-24 20:54:55,688 INFO org.springframework.boot.SpringApplication [main] No active profile set, falling back to 1 default profile: "default"
2023-12-24 20:54:57,177 INFO org.springframework.data.repository.config.RepositoryConfigurationDelegate [main] Bootstrapping Spring Data JPA repositories in DEFAULT mode.
2023-12-24 20:54:57,283 INFO org.springframework.data.repository.config.RepositoryConfigurationDelegate [main] Finished Spring Data repository scanning in 78 ms. Found 1 JPA repository interfaces.
2023-12-24 20:54:58,565 INFO org.springframework.boot.web.embedded.tomcat.TomcatWebServer [main] Tomcat initialized with port(s): 9015 (http)
2023-12-24 20:54:58,595 INFO org.apache.juli.logging.DirectJDKLog [main] Initializing ProtocolHandler ["http-nio-9015"]
2023-12-24 20:54:58,601 INFO org.apache.juli.logging.DirectJDKLog [main] Starting service [Tomcat]
2023-12-24 20:54:58,603 INFO org.apache.juli.logging.DirectJDKLog [main] Starting Servlet engine: [Apache Tomcat/9.0.75]
2023-12-24 20:54:58,870 INFO org.apache.juli.logging.DirectJDKLog [main] Initializing Spring embedded WebApplicationContext
2023-12-24 20:54:58,871 INFO org.springframework.boot.web.servlet.context.ServletWebServerApplicationContext [main] Root WebApplicationContext: initialization completed in 3105 ms
2023-12-24 20:54:59,585 INFO org.hibernate.jpa.internal.util.LogHelper [main] HHH000204: Processing PersistenceUnitInfo [name: default]
2023-12-24 20:54:59,686 INFO org.hibernate.Version [main] HHH000412: Hibernate ORM core version 5.6.15.Final
2023-12-24 20:55:00,290 INFO org.hibernate.annotations.common.reflection.java.JavaReflectionManager [main] HCANN000001: Hibernate Commons Annotations {5.1.2.Final}
2023-12-24 20:55:00,641 INFO com.zaxxer.hikari.HikariDataSource [main] HikariPool-1 - Starting...
2023-12-24 20:55:01,651 INFO com.zaxxer.hikari.HikariDataSource [main] HikariPool-1 - Start completed.
2023-12-24 20:55:01,718 INFO org.hibernate.dialect.Dialect [main] HHH000400: Using dialect: org.hibernate.dialect.MySQL5Dialect
2023-12-24 20:55:03,316 INFO org.hibernate.engine.transaction.jta.platform.internal.JtaPlatformInitiator [main] HHH000490: Using JtaPlatform implementation: [org.hibernate.engine.transaction.jta.platform.internal.NoJtaPlatform]
2023-12-24 20:55:03,346 INFO org.springframework.orm.jpa.AbstractEntityManagerFactoryBean [main] Initialized JPA EntityManagerFactory for persistence unit 'default'
2023-12-24 20:55:03,925 WARN org.springframework.boot.autoconfigure.orm.jpa.JpaBaseConfiguration$JpaWebConfiguration [main] spring.jpa.open-in-view is enabled by default. Therefore, database queries may be performed during view rendering. Explicitly configure spring.jpa.open-in-view to disable this warning
2023-12-24 20:55:05,034 INFO org.springframework.boot.actuate.endpoint.web.EndpointLinksResolver [main] Exposing 1 endpoint(s) beneath base path '/actuator'
2023-12-24 20:55:05,086 INFO org.apache.juli.logging.DirectJDKLog [main] Starting ProtocolHandler ["http-nio-9015"]
2023-12-24 20:55:05,123 INFO org.springframework.boot.web.embedded.tomcat.TomcatWebServer [main] Tomcat started on port(s): 9015 (http) with context path ''
2023-12-24 20:55:05,150 INFO org.springframework.boot.StartupInfoLogger [main] Started DrugDisposeSystemApplication in 10.399 seconds (JVM running for 11.734)
2023-12-24 20:55:06,393 INFO org.apache.juli.logging.DirectJDKLog [RMI TCP Connection(3)-127.0.0.1] Initializing Spring DispatcherServlet 'dispatcherServlet'
2023-12-24 20:55:06,394 INFO org.springframework.web.servlet.FrameworkServlet [RMI TCP Connection(3)-127.0.0.1] Initializing Servlet 'dispatcherServlet'
2023-12-24 20:55:06,397 INFO org.springframework.web.servlet.FrameworkServlet [RMI TCP Connection(3)-127.0.0.1] Completed initialization in 3 ms
2023-12-24 21:04:04,596 WARN org.springframework.web.servlet.handler.AbstractHandlerExceptionResolver [http-nio-9015-exec-1] Resolved [org.springframework.http.converter.HttpMessageNotReadableException: JSON parse error: Cannot deserialize value of type `java.time.LocalDateTime` from String "16:09:1996": Failed to deserialize java.time.LocalDateTime: (java.time.format.DateTimeParseException) Text '16:09:1996' could not be parsed at index 0; nested exception is com.fasterxml.jackson.databind.exc.InvalidFormatException: Cannot deserialize value of type `java.time.LocalDateTime` from String "16:09:1996": Failed to deserialize java.time.LocalDateTime: (java.time.format.DateTimeParseException) Text '16:09:1996' could not be parsed at index 0<EOL> at [Source: (org.springframework.util.StreamUtils$NonClosingInputStream); line: 5, column: 19] (through reference chain: com.drug.dispose.dto.User["dateOfBirth"])]
2023-12-24 21:06:15,846 WARN org.springframework.web.servlet.handler.AbstractHandlerExceptionResolver [http-nio-9015-exec-4] Resolved [org.springframework.http.converter.HttpMessageNotReadableException: JSON parse error: Cannot deserialize value of type `java.time.LocalDateTime` from String "1996-12-24": Failed to deserialize java.time.LocalDateTime: (java.time.format.DateTimeParseException) Text '1996-12-24' could not be parsed at index 10; nested exception is com.fasterxml.jackson.databind.exc.InvalidFormatException: Cannot deserialize value of type `java.time.LocalDateTime` from String "1996-12-24": Failed to deserialize java.time.LocalDateTime: (java.time.format.DateTimeParseException) Text '1996-12-24' could not be parsed at index 10<EOL> at [Source: (org.springframework.util.StreamUtils$NonClosingInputStream); line: 5, column: 19] (through reference chain: com.drug.dispose.dto.User["dateOfBirth"])]
